<?xml version="1.0" encoding="UTF-8"?>
<testng-results ignored="0" total="1" passed="1" failed="0" skipped="0">
  <reporter-output>
  </reporter-output>
  <suite started-at="2022-11-04T13:32:59 IST" name="Default suite" finished-at="2022-11-04T13:33:03 IST" duration-ms="3941">
    <groups>
    </groups>
    <test started-at="2022-11-04T13:32:59 IST" name="Default test" finished-at="2022-11-04T13:33:03 IST" duration-ms="3941">
      <class name="Operation.Delete">
        <test-method is-config="true" signature="configureBS()[pri:0, instance:Operation.Delete@50b472aa]" started-at="2022-11-04T13:32:59 IST" name="configureBS" finished-at="2022-11-04T13:32:59 IST" duration-ms="13" status="PASS">
          <reporter-output>
          </reporter-output>
        </test-method> <!-- configureBS -->
        <test-method is-config="true" signature="configureBT()[pri:0, instance:Operation.Delete@50b472aa]" started-at="2022-11-04T13:32:59 IST" name="configureBT" finished-at="2022-11-04T13:32:59 IST" duration-ms="2" status="PASS">
          <reporter-output>
          </reporter-output>
        </test-method> <!-- configureBT -->
        <test-method is-config="true" signature="configureBC()[pri:0, instance:Operation.Delete@50b472aa]" started-at="2022-11-04T13:32:59 IST" name="configureBC" finished-at="2022-11-04T13:32:59 IST" duration-ms="0" status="PASS">
          <reporter-output>
          </reporter-output>
        </test-method> <!-- configureBC -->
        <test-method is-config="true" signature="configureBM()[pri:0, instance:Operation.Delete@50b472aa]" started-at="2022-11-04T13:32:59 IST" name="configureBM" finished-at="2022-11-04T13:32:59 IST" duration-ms="1" status="PASS">
          <reporter-output>
          </reporter-output>
        </test-method> <!-- configureBM -->
        <test-method signature="delete()[pri:0, instance:Operation.Delete@50b472aa]" started-at="2022-11-04T13:32:59 IST" name="delete" finished-at="2022-11-04T13:33:03 IST" duration-ms="3869" status="PASS">
          <reporter-output>
          </reporter-output>
        </test-method> <!-- delete -->
        <test-method is-config="true" signature="configureAM()[pri:0, instance:Operation.Delete@50b472aa]" started-at="2022-11-04T13:33:03 IST" name="configureAM" finished-at="2022-11-04T13:33:03 IST" duration-ms="2" status="PASS">
          <reporter-output>
          </reporter-output>
        </test-method> <!-- configureAM -->
        <test-method is-config="true" signature="configureAC()[pri:0, instance:Operation.Delete@50b472aa]" started-at="2022-11-04T13:33:03 IST" name="configureAC" finished-at="2022-11-04T13:33:03 IST" duration-ms="1" status="PASS">
          <reporter-output>
          </reporter-output>
        </test-method> <!-- configureAC -->
        <test-method is-config="true" signature="configureAT()[pri:0, instance:Operation.Delete@50b472aa]" started-at="2022-11-04T13:33:03 IST" name="configureAT" finished-at="2022-11-04T13:33:03 IST" duration-ms="2" status="PASS">
          <reporter-output>
          </reporter-output>
        </test-method> <!-- configureAT -->
        <test-method is-config="true" signature="configureAS()[pri:0, instance:Operation.Delete@50b472aa]" started-at="2022-11-04T13:33:03 IST" name="configureAS" finished-at="2022-11-04T13:33:03 IST" duration-ms="1" status="PASS">
          <reporter-output>
          </reporter-output>
        </test-method> <!-- configureAS -->
      </class> <!-- Operation.Delete -->
    </test> <!-- Default test -->
  </suite> <!-- Default suite -->
</testng-results>
