<?xml version="1.0" encoding="UTF-8"?>
<testng-results ignored="0" total="5" passed="5" failed="0" skipped="0">
  <reporter-output>
  </reporter-output>
  <suite started-at="2022-11-05T09:40:54 IST" name="Default suite" finished-at="2022-11-05T09:40:55 IST" duration-ms="1564">
    <groups>
      <group name="cucumber">
        <method signature="AbstractTestNGCucumberTests.runScenario(io.cucumber.testng.PickleWrapper,io.cucumber.testng.FeatureWrapper)[pri:0, instance:runner.Runner@c33b74f]" name="runScenario" class="io.cucumber.testng.AbstractTestNGCucumberTests"/>
      </group> <!-- cucumber -->
    </groups>
    <test started-at="2022-11-05T09:40:54 IST" name="Default test" finished-at="2022-11-05T09:40:55 IST" duration-ms="1564">
      <class name="runner.Runner">
        <test-method is-config="true" signature="setUpClass()[pri:0, instance:runner.Runner@c33b74f]" started-at="2022-11-05T09:40:54 IST" name="setUpClass" finished-at="2022-11-05T09:40:55 IST" duration-ms="928" status="PASS">
          <reporter-output>
          </reporter-output>
        </test-method> <!-- setUpClass -->
        <test-method signature="runScenario(io.cucumber.testng.PickleWrapper,io.cucumber.testng.FeatureWrapper)[pri:0, instance:runner.Runner@c33b74f]" started-at="2022-11-05T09:40:55 IST" name="runScenario" description="Runs Cucumber Scenarios" data-provider="scenarios" finished-at="2022-11-05T09:40:55 IST" duration-ms="344" status="PASS">
          <params>
            <param index="0">
              <value>
                <![CDATA["User wants to delete user by ID"]]>
              </value>
            </param>
            <param index="1">
              <value>
                <![CDATA["Optional[Delete Request]"]]>
              </value>
            </param>
          </params>
          <reporter-output>
          </reporter-output>
        </test-method> <!-- runScenario -->
        <test-method signature="runScenario(io.cucumber.testng.PickleWrapper,io.cucumber.testng.FeatureWrapper)[pri:0, instance:runner.Runner@c33b74f]" started-at="2022-11-05T09:40:55 IST" name="runScenario" description="Runs Cucumber Scenarios" data-provider="scenarios" finished-at="2022-11-05T09:40:55 IST" duration-ms="27" status="PASS">
          <params>
            <param index="0">
              <value>
                <![CDATA["User wants to read the created data"]]>
              </value>
            </param>
            <param index="1">
              <value>
                <![CDATA["Optional[Get Method for Wellness_Care]"]]>
              </value>
            </param>
          </params>
          <reporter-output>
          </reporter-output>
        </test-method> <!-- runScenario -->
        <test-method signature="runScenario(io.cucumber.testng.PickleWrapper,io.cucumber.testng.FeatureWrapper)[pri:0, instance:runner.Runner@c33b74f]" started-at="2022-11-05T09:40:55 IST" name="runScenario" description="Runs Cucumber Scenarios" data-provider="scenarios" finished-at="2022-11-05T09:40:55 IST" duration-ms="41" status="PASS">
          <params>
            <param index="0">
              <value>
                <![CDATA["User want to fetch data by ID"]]>
              </value>
            </param>
            <param index="1">
              <value>
                <![CDATA["Optional[GetById]"]]>
              </value>
            </param>
          </params>
          <reporter-output>
          </reporter-output>
        </test-method> <!-- runScenario -->
        <test-method signature="runScenario(io.cucumber.testng.PickleWrapper,io.cucumber.testng.FeatureWrapper)[pri:0, instance:runner.Runner@c33b74f]" started-at="2022-11-05T09:40:55 IST" name="runScenario" description="Runs Cucumber Scenarios" data-provider="scenarios" finished-at="2022-11-05T09:40:55 IST" duration-ms="24" status="PASS">
          <params>
            <param index="0">
              <value>
                <![CDATA["User wants to update data using ID in database"]]>
              </value>
            </param>
            <param index="1">
              <value>
                <![CDATA["Optional[Put request]"]]>
              </value>
            </param>
          </params>
          <reporter-output>
          </reporter-output>
        </test-method> <!-- runScenario -->
        <test-method signature="runScenario(io.cucumber.testng.PickleWrapper,io.cucumber.testng.FeatureWrapper)[pri:0, instance:runner.Runner@c33b74f]" started-at="2022-11-05T09:40:55 IST" name="runScenario" description="Runs Cucumber Scenarios" data-provider="scenarios" finished-at="2022-11-05T09:40:55 IST" duration-ms="40" status="PASS">
          <params>
            <param index="0">
              <value>
                <![CDATA["user can give email and password"]]>
              </value>
            </param>
            <param index="1">
              <value>
                <![CDATA["Optional[user_controller]"]]>
              </value>
            </param>
          </params>
          <reporter-output>
          </reporter-output>
        </test-method> <!-- runScenario -->
        <test-method is-config="true" signature="tearDownClass()[pri:0, instance:runner.Runner@c33b74f]" started-at="2022-11-05T09:40:55 IST" name="tearDownClass" finished-at="2022-11-05T09:40:55 IST" duration-ms="69" status="PASS">
          <reporter-output>
          </reporter-output>
        </test-method> <!-- tearDownClass -->
      </class> <!-- runner.Runner -->
    </test> <!-- Default test -->
  </suite> <!-- Default suite -->
</testng-results>
